make all --print-data-base --no-builtin-variables --no-builtin-rules --question
<<<<<<< HEAD
# GNU Make 3.81
# Copyright (C) 2006  Free Software Foundation, Inc.
# This is free software; see the source for copying conditions.
# There is NO warranty; not even for MERCHANTABILITY or FITNESS FOR A
# PARTICULAR PURPOSE.

# This program built for i386-apple-darwin11.3.0
 
make: *** No rule to make target `all'.  Stop.


# Make data base, printed on Sun Jul  3 01:32:51 2022
=======
# GNU Make 4.2.1
# Built for x86_64-pc-linux-gnu
# Copyright (C) 1988-2016 Free Software Foundation, Inc.
# License GPLv3+: GNU GPL version 3 or later <http://gnu.org/licenses/gpl.html>
# This is free software: you are free to change and redistribute it.
# There is NO WARRANTY, to the extent permitted by law.

# Make data base, printed on Sun Aug 21 16:29:19 2022
>>>>>>> 2ef143c (committing changes)

# Variables

 
# automatic
<D = $(patsubst %/,%,$(dir $<))
# automatic
?F = $(notdir $?)
# environment
<<<<<<< HEAD
ELECTRON_NO_ATTACH_CONSOLE = 1
=======
WSLENV = VSCODE_WSL_EXT_LOCATION/up:VSCODE_SERVER_TAR/up
# default
.SHELLFLAGS := -c
>>>>>>> 2ef143c (committing changes)
# environment
VSCODE_LOG_NATIVE = false
# environment
NVM_INC = /Users/bscript/.nvm/versions/node/v16.14.2/include/node
# automatic
?D = $(patsubst %/,%,$(dir $?))
# automatic
@D = $(patsubst %/,%,$(dir $@))
# automatic
@F = $(notdir $@)
# makefile
CURDIR := /Users/bscript/projects/benheim
# makefile
SHELL = /bin/sh
# environment
VSCODE_NLS_CONFIG = {"locale":"en-us","availableLanguages":{},"_languagePackSupport":true}
# environment
<<<<<<< HEAD
_ = /usr/bin/make
# makefile (from `makefile', line 1)
=======
_ = /home/ben-razer/.vscode-server/bin/30d9c6cd9483b2cc586687151bcbcd635f373630/node
# makefile (from 'makefile', line 1)
>>>>>>> 2ef143c (committing changes)
MAKEFILE_LIST :=  makefile
# environment
VSCODE_VERBOSE_LOGGING = true
# environment
personalemail = benjamin.hill28@gmail.com
# environment
INFOPATH = /opt/homebrew/share/info:
# environment
P9K_SSH = 0
# environment
VSCODE_IPC_HOOK_EXTHOST = /var/folders/9w/pc2l86vx0_s0lm2y2f80m39m0000gn/T/vscode-ipc-f4fc02b4-92d7-4bd5-978f-0832d6e19986.sock
# environment
<<<<<<< HEAD
VSCODE_CWD = /Users/bscript/projects/benheim
# environment
PATH = /Users/bscript/Library/Caches/pypoetry/virtualenvs/ben-wiki-aEjw-dlT-py3.10/bin:/Users/bscript/Library/Python/3.10/bin:/Users/bscript/.nvm/versions/node/v16.14.2/bin:/Users/bscript/Library/Python/3.10/bin:/Library/Frameworks/Python.framework/Versions/3.10/bin:/opt/homebrew/bin:/opt/homebrew/sbin:/usr/local/bin:/usr/bin:/bin:/usr/sbin:/sbin
# environment
PLAT = macosx-10.9-universal2
=======
PATH = /home/ben-razer/.vscode-server/bin/30d9c6cd9483b2cc586687151bcbcd635f373630/bin/remote-cli:/home/linuxbrew/.linuxbrew/sbin:/home/linuxbrew/.linuxbrew/bin:/home/ben-razer/.local/bin:/usr/local/sbin:/usr/local/bin:/usr/sbin:/usr/bin:/sbin:/bin:/usr/games:/usr/local/games:/usr/lib/wsl/lib:/mnt/c/Program Files (x86)/Razer Chroma SDK/bin:/mnt/c/Program Files/Razer Chroma SDK/bin:/mnt/c/Program Files (x86)/Razer/ChromaBroadcast/bin:/mnt/c/Program Files/Razer/ChromaBroadcast/bin:/mnt/c/Windows/system32:/mnt/c/Windows:/mnt/c/Windows/System32/Wbem:/mnt/c/Windows/System32/WindowsPowerShell/v1.0/:/mnt/c/Windows/System32/OpenSSH/:/mnt/c/Program Files (x86)/NVIDIA Corporation/PhysX/Common:/mnt/c/Program Files/NVIDIA Corporation/NVIDIA NvDLISR:/mnt/c/Program Files/Microsoft SQL Server/150/Tools/Binn/:/mnt/c/Program Files/Microsoft SQL Server/Client SDK/ODBC/170/Tools/Binn/:/mnt/c/Windows/system32/config/systemprofile/AppData/Local/Microsoft/WindowsApps:/mnt/c/Program Files/dotnet/:/mnt/c/Users/benja/AppData/Local/Programs/Python/Python310/Scripts/:/mnt/c/Users/benja/AppData/Local/Programs/Python/Python310/:/mnt/c/Users/benja/AppData/Local/Microsoft/WindowsApps:/mnt/c/Users/benja/AppData/Local/Programs/Microsoft VS Code/bin:/mnt/c/Users/benja/.dotnet/tools
>>>>>>> 2ef143c (committing changes)
# environment
LSCOLORS = Gxfxcxdxbxegedabagacad
# environment
VIRTUAL_ENV = /Users/bscript/Library/Caches/pypoetry/virtualenvs/ben-wiki-aEjw-dlT-py3.10
# environment
<<<<<<< HEAD
NVM_BIN = /Users/bscript/.nvm/versions/node/v16.14.2/bin
# environment
VSCODE_LOG_STACK = false
# environment
ELECTRON_RUN_AS_NODE = 1
=======
VSCODE_LOG_STACK = false
# environment
VSCODE_IPC_HOOK_CLI = /mnt/wslg/runtime-dir/vscode-ipc-42ab04f5-5847-43db-a0df-866b00551db8.sock
# environment
VSCODE_SERVER_TAR = /mnt/c/Users/benja/AppData/Local/Temp/vscode-remote-wsl/30d9c6cd9483b2cc586687151bcbcd635f373630/vscode-server-stable-linux-x64.tar.gz
>>>>>>> 2ef143c (committing changes)
# default
.FEATURES := target-specific order-only second-expansion else-if archives jobserver check-symlink
# environment
SSH_AUTH_SOCK = /private/tmp/com.apple.launchd.2dr4bIPrw2/Listeners
# automatic
%F = $(notdir $%)
# environment
VSCODE_PIPE_LOGGING = true
# environment
PWD = /Users/bscript/projects/benheim
# environment
<<<<<<< HEAD
HOMEBREW_CELLAR = /opt/homebrew/Cellar
=======
WSL_INTEROP = /run/WSL/12_interop
>>>>>>> 2ef143c (committing changes)
# environment
ORIGINAL_XDG_CURRENT_DESKTOP = undefined
# environment
<<<<<<< HEAD
MANPATH = /Users/bscript/.nvm/versions/node/v16.14.2/share/man:/opt/homebrew/share/man::
# environment
=======
>>>>>>> 2ef143c (committing changes)
VSCODE_AMD_ENTRYPOINT = vs/workbench/api/node/extensionHostProcess
# environment
HOME = /Users/bscript
# default
MAKEFILEPATH = $(shell /usr/bin/xcode-select -print-path 2>/dev/null || echo /Developer)/Makefiles
# environment
VSCODE_CLI = 1
# environment
VSCODE_CODE_CACHE_PATH = /Users/bscript/Library/Application Support/Code/CachedData/30d9c6cd9483b2cc586687151bcbcd635f373630
# environment
LOGNAME = bscript
# environment
 
APPLICATION_INSIGHTS_NO_DIAGNOSTIC_CHANNEL = 1
# environment
NVM_CD_FLAGS = -q
# environment
ZSH = /Users/bscript/.oh-my-zsh
# environment
VSCODE_HANDLES_UNCAUGHT_ERRORS = true
# automatic
^D = $(patsubst %/,%,$(dir $^))
# environment
XPC_FLAGS = 0x0
# environment
COLORTERM = truecolor
# default
MAKE = $(MAKE_COMMAND)
# environment
LC_TERMINAL = iTerm2
# environment
__CFBundleIdentifier = com.microsoft.VSCode
# environment
SHLVL = 4
# default
MAKE_VERSION := 3.81
# environment
USER = bscript
# makefile
.DEFAULT_GOAL := git
# default
MAKECMDGOALS := all
# environment
<<<<<<< HEAD
TERM_SESSION_ID = w0t0p0:3B52B779-FC73-476C-BC4A-BA8C415513D2
=======
SHLVL = 0
# default
MAKE_VERSION := 4.2.1
# environment
USER = ben-razer
# makefile
.DEFAULT_GOAL := git
# environment
NAME = BenBlade
>>>>>>> 2ef143c (committing changes)
# environment
LESS = -R
# automatic
%D = $(patsubst %/,%,$(dir $%))
# default
MAKE_COMMAND := /Library/Developer/CommandLineTools/usr/bin/make
# environment
TERM_PROGRAM = iTerm.app
# default
.VARIABLES := 
# environment
TMPDIR = /var/folders/9w/pc2l86vx0_s0lm2y2f80m39m0000gn/T/
# automatic
*F = $(notdir $*)
# environment
VSCODE_IPC_HOOK = /Users/bscript/Library/Application Support/Code/1.68.1-main.sock
# makefile
MAKEFLAGS = Rrqp
# environment
MFLAGS = -Rrqp
# automatic
*D = $(patsubst %/,%,$(dir $*))
# environment
TERM_PROGRAM_VERSION = 3.4.15
# environment
NVM_DIR = /Users/bscript/.nvm
# environment
XPC_SERVICE_NAME = application.com.microsoft.VSCode.7758765.7758771.4400A4E8-39ED-4356-9C6D-346D4194FB1C
# environment
LC_TERMINAL_VERSION = 3.4.15
# environment
HOMEBREW_PREFIX = /opt/homebrew
# automatic
+D = $(patsubst %/,%,$(dir $+))
# automatic
+F = $(notdir $+)
# environment
<<<<<<< HEAD
ITERM_SESSION_ID = w0t0p0:3B52B779-FC73-476C-BC4A-BA8C415513D2
# environment
HOMEBREW_REPOSITORY = /opt/homebrew
# environment
COLORFGBG = 15;0
# environment
__CF_USER_TEXT_ENCODING = 0x1F5:0x0:0x0
# environment
COMMAND_MODE = unix2003
=======
VSCODE_HANDLES_SIGPIPE = true
>>>>>>> 2ef143c (committing changes)
# default
MAKEFILES := 
# automatic
<F = $(notdir $<)
# environment
<<<<<<< HEAD
ITERM_PROFILE = Default
# environment
=======
>>>>>>> 2ef143c (committing changes)
PAGER = less
# environment
LC_ALL = C
# environment
<<<<<<< HEAD
P9K_TTY = old
=======
HOSTTYPE = x86_64
>>>>>>> 2ef143c (committing changes)
# automatic
^F = $(notdir $^)
# default
 
SUFFIXES := 
# environment
<<<<<<< HEAD
POETRY_ACTIVE = 1
# environment
MAKELEVEL := 0
=======
WAYLAND_DISPLAY = wayland-0
# default
.INCLUDE_DIRS = /usr/include /usr/local/include /usr/include
# default
.RECIPEPREFIX := 
>>>>>>> 2ef143c (committing changes)
# environment
LANG = C
# environment
TERM = xterm-256color
# environment
<<<<<<< HEAD
_P9K_TTY = /dev/ttys001
# environment
VSCODE_PID = 17350
# variable set hash-table stats:
# Load=93/1024=9%, Rehash=0, Collisions=5/116=4%
=======
VSCODE_EXTHOST_WILL_SEND_SOCKET = true
# environment
WSL_DISTRO_NAME = Ubuntu-20.04
# variable set hash-table stats:
# Load=75/1024=7%, Rehash=0, Collisions=4/100=4%
>>>>>>> 2ef143c (committing changes)

# Pattern-specific Variable Values

# No pattern-specific variable values.

# Directories

# . (device 16777231, inode 781166): 20 files, no impossibilities.

# 20 files, no impossibilities in 1 directories.

# Implicit Rules

# No implicit rules.

# Files

# Not a target:
all:
#  Command-line target.
#  Implicit rule search has been done.
#  File does not exist.
#  File has not been updated.
# variable set hash-table stats:
# Load=0/32=0%, Rehash=0, Collisions=0/0=0%

git:
#  Implicit rule search has not been done.
#  Modification time never checked.
#  File has not been updated.
#  commands to execute (from `makefile', line 2):
	git add .
	git commit -m "$m"
	git push -u origin main
	

# Not a target:
.SUFFIXES:
#  Implicit rule search has not been done.
#  Modification time never checked.
#  File has not been updated.

# Not a target:
makefile:
#  Implicit rule search has been done.
#  Last modified 2022-05-15 08:47:17
#  File has been updated.
#  Successfully updated.
# variable set hash-table stats:
# Load=0/32=0%, Rehash=0, Collisions=0/0=0%

# Not a target:
.DEFAULT:
#  Implicit rule search has not been done.
#  Modification time never checked.
#  File has not been updated.

# files hash-table stats:
# Load=5/1024=0%, Rehash=0, Collisions=0/17=0%
# VPATH Search Paths

# No `vpath' search paths.

# No general (`VPATH' variable) search path.

# # of strings in strcache: 1
# # of strcache buffers: 1
# strcache size: total = 4096 / max = 4096 / min = 4096 / avg = 4096
# strcache free: total = 4087 / max = 4087 / min = 4087 / avg = 4087

<<<<<<< HEAD
# Finished Make data base on Sun Jul  3 01:32:51 2022
=======
# strcache performance: lookups = 30 / hit rate = 16%
# hash-table stats:
# Load=25/8192=0%, Rehash=0, Collisions=1/30=3%
# Finished Make data base on Sun Aug 21 16:29:19 2022
>>>>>>> 2ef143c (committing changes)

 
make: *** No rule to make target 'all'.  Stop.

